##### START OF AREA REPORT #####[
Design view:work.vdp(rtl)
Selecting part EP2C5Q208C6

Total combinational functions 613 of 4608 (13%)
Logic element usage by number of inputs
		  4 input functions 	 222
		  3 input functions 	 199
		  <=2 input functions 	 192
Logic elements by mode
		  normal mode            473
		  arithmetic mode        140
Total registers 307 of 4608 ( 6%)
I/O pins 62 of 158 (39%), total I/O based on largest package of this part.

Number of I/O registers
			Input DDRs    :0
			Output DDRs   :0

DSP Blocks:     0  (0 nine-bit DSP elements).
DSP Utilization: 0.00% of available 13 blocks (26 nine-bit).
ShiftTap:       0  (0 registers)
Total ESB:      0 bits 

LPM latches:    33

##### END OF AREA REPORT #####]

